2026-06-19 14:34:01  INFO      [BTC/USDT] NEW LONG signal  |  close=64509.40  RSI=44.8  strength=4/6  candle=2026-06-17 20:00:00+00:00
2026-06-19 14:34:01  WARNING   DISCORD_WEBHOOK_URL is empty — alert skipped.
2026-06-19 14:34:01  WARNING   [BTC/USDT] Discord alert FAILED — will retry next cycle.
2026-06-19 14:34:02  INFO      [ETH/USDT] NEW LONG signal  |  close=1734.72  RSI=46.9  strength=4/6  candle=2026-06-17 16:00:00+00:00
2026-06-19 14:34:02  WARNING   DISCORD_WEBHOOK_URL is empty — alert skipped.
2026-06-19 14:34:02  WARNING   [ETH/USDT] Discord alert FAILED — will retry next cycle.
2026-06-19 14:41:58  INFO      ============================================================
2026-06-19 14:41:58  INFO        SMC + FVG + EMA + RSI  —  Real-time Monitor
2026-06-19 14:41:58  INFO        Symbols   : BTC/USDT  |  ETH/USDT
2026-06-19 14:41:58  INFO        Timeframe : 4H
2026-06-19 14:41:58  INFO        Interval  : 300s  (~5 min)
2026-06-19 14:41:58  INFO      ============================================================
2026-06-19 14:41:58  INFO      ── Polling at 2026-06-19 06:41 UTC ──
2026-06-19 14:41:59  INFO      [BTC/USDT] NEW LONG signal  |  close=64509.40  RSI=44.8  strength=4/6  candle=2026-06-17 20:00:00+00:00
2026-06-19 14:41:59  INFO      Discord alert sent: BTC/USDT 4h
2026-06-19 14:41:59  INFO      [BTC/USDT] Discord alert sent successfully.
2026-06-19 14:42:00  INFO      [ETH/USDT] NEW LONG signal  |  close=1734.72  RSI=46.9  strength=4/6  candle=2026-06-17 16:00:00+00:00
2026-06-19 14:42:01  INFO      Discord alert sent: ETH/USDT 4h
2026-06-19 14:42:01  INFO      [ETH/USDT] Discord alert sent successfully.
2026-06-19 14:42:01  INFO      Next check in 300 seconds. Press Ctrl+C to stop.

2026-06-19 14:47:01  INFO      ── Polling at 2026-06-19 06:47 UTC ──
2026-06-19 14:47:02  INFO      [BTC/USDT] Latest signal (LONG @ 2026-06-17 20:00:00+00:00) already alerted — skipping.
2026-06-19 14:47:03  INFO      [ETH/USDT] Latest signal (LONG @ 2026-06-17 16:00:00+00:00) already alerted — skipping.
2026-06-19 14:47:03  INFO      Next check in 300 seconds. Press Ctrl+C to stop.

2026-06-19 14:52:03  INFO      ── Polling at 2026-06-19 06:52 UTC ──
2026-06-19 14:52:05  INFO      [BTC/USDT] Latest signal (LONG @ 2026-06-17 20:00:00+00:00) already alerted — skipping.
2026-06-19 14:52:06  INFO      [ETH/USDT] Latest signal (LONG @ 2026-06-17 16:00:00+00:00) already alerted — skipping.
2026-06-19 14:52:06  INFO      Next check in 300 seconds. Press Ctrl+C to stop.

2026-06-19 14:57:06  INFO      ── Polling at 2026-06-19 06:57 UTC ──
2026-06-19 14:57:07  INFO      [BTC/USDT] Latest signal (LONG @ 2026-06-17 20:00:00+00:00) already alerted — skipping.
2026-06-19 14:57:08  INFO      [ETH/USDT] Latest signal (LONG @ 2026-06-17 16:00:00+00:00) already alerted — skipping.
2026-06-19 14:57:08  INFO      Next check in 300 seconds. Press Ctrl+C to stop.

2026-06-19 15:02:08  INFO      ── Polling at 2026-06-19 07:02 UTC ──
2026-06-19 15:02:09  INFO      [BTC/USDT] Latest signal (LONG @ 2026-06-17 20:00:00+00:00) already alerted — skipping.
2026-06-19 15:02:10  INFO      [ETH/USDT] Latest signal (LONG @ 2026-06-17 16:00:00+00:00) already alerted — skipping.
2026-06-19 15:02:10  INFO      Next check in 300 seconds. Press Ctrl+C to stop.

2026-06-19 15:07:10  INFO      ── Polling at 2026-06-19 07:07 UTC ──
2026-06-19 15:07:12  INFO      [BTC/USDT] Latest signal (LONG @ 2026-06-17 20:00:00+00:00) already alerted — skipping.
2026-06-19 15:07:13  INFO      [ETH/USDT] Latest signal (LONG @ 2026-06-17 16:00:00+00:00) already alerted — skipping.
2026-06-19 15:07:13  INFO      Next check in 300 seconds. Press Ctrl+C to stop.

2026-06-19 15:12:13  INFO      ── Polling at 2026-06-19 07:12 UTC ──
2026-06-19 15:12:14  INFO      [BTC/USDT] Latest signal (LONG @ 2026-06-17 20:00:00+00:00) already alerted — skipping.
2026-06-19 15:12:15  INFO      [ETH/USDT] Latest signal (LONG @ 2026-06-17 16:00:00+00:00) already alerted — skipping.
2026-06-19 15:12:15  INFO      Next check in 300 seconds. Press Ctrl+C to stop.

2026-06-19 15:17:15  INFO      ── Polling at 2026-06-19 07:17 UTC ──
2026-06-19 15:17:16  INFO      [BTC/USDT] Latest signal (LONG @ 2026-06-17 20:00:00+00:00) already alerted — skipping.
2026-06-19 15:17:17  INFO      [ETH/USDT] Latest signal (LONG @ 2026-06-17 16:00:00+00:00) already alerted — skipping.
2026-06-19 15:17:17  INFO      Next check in 300 seconds. Press Ctrl+C to stop.

2026-06-19 15:21:53  INFO      Monitor stopped by user.
2026-06-19 15:23:34  INFO      [BTC/USDT] NEW LONG signal  |  close=64509.40  SL=62761.52  TP=68005.16  RSI=44.8  strength=4/6  candle=2026-06-17 20:00:00+00:00
2026-06-19 15:23:34  WARNING   DISCORD_WEBHOOK_URL is empty — alert skipped.
2026-06-19 15:23:34  WARNING   [BTC/USDT] Discord alert FAILED — will retry next cycle.
2026-06-19 15:24:22  INFO      ============================================================
2026-06-19 15:24:22  INFO        SMC + FVG + EMA + RSI  —  Real-time Monitor
2026-06-19 15:24:22  INFO        Symbols   : BTC/USDT  |  ETH/USDT
2026-06-19 15:24:22  INFO        Timeframe : 4H
2026-06-19 15:24:22  INFO        Interval  : 300s  (~5 min)
2026-06-19 15:24:22  INFO      ============================================================
2026-06-19 15:24:23  INFO      ── Polling at 2026-06-19 07:24 UTC ──
2026-06-19 15:24:24  INFO      [BTC/USDT] NEW LONG signal  |  close=64509.40  SL=62761.52  TP=68005.16  RSI=44.8  strength=4/6  candle=2026-06-17 20:00:00+00:00
2026-06-19 15:24:25  INFO      Discord alert sent: BTC/USDT 4h
2026-06-19 15:24:25  INFO      [BTC/USDT] Discord alert sent successfully.
2026-06-19 15:24:26  INFO      [ETH/USDT] NEW LONG signal  |  close=1734.72  SL=1670.45  TP=1863.25  RSI=46.9  strength=4/6  candle=2026-06-17 16:00:00+00:00
2026-06-19 15:24:26  INFO      Discord alert sent: ETH/USDT 4h
2026-06-19 15:24:26  INFO      [ETH/USDT] Discord alert sent successfully.
2026-06-19 15:24:26  INFO      Next check in 300 seconds. Press Ctrl+C to stop.

2026-06-19 15:29:26  INFO      ── Polling at 2026-06-19 07:29 UTC ──
2026-06-19 15:29:27  INFO      [BTC/USDT] Latest signal (LONG @ 2026-06-17 20:00:00+00:00) already alerted — skipping.
2026-06-19 15:29:28  INFO      [ETH/USDT] Latest signal (LONG @ 2026-06-17 16:00:00+00:00) already alerted — skipping.
2026-06-19 15:29:28  INFO      Next check in 300 seconds. Press Ctrl+C to stop.

2026-06-19 15:33:47  INFO      Monitor stopped by user.
2026-06-19 15:36:58  INFO      ============================================================
2026-06-19 15:36:58  INFO        SMC + FVG + EMA + RSI  —  Real-time Monitor
2026-06-19 15:36:58  INFO        Symbols   : BTC/USDT  |  ETH/USDT
2026-06-19 15:36:58  INFO        Timeframe : 4H
2026-06-19 15:36:58  INFO        Interval  : 300s  (~5 min)
2026-06-19 15:36:58  INFO      ============================================================
2026-06-19 15:36:58  INFO      ── Polling at 2026-06-19 07:36 UTC ──
2026-06-19 15:36:59  INFO      [BTC/USDT] NEW LONG signal  |  close=64509.40  SL=62761.52  TP=68005.16  RSI=44.8  strength=4/6  candle=2026-06-17 20:00:00+00:00
2026-06-19 15:37:00  INFO      Discord alert sent: BTC/USDT 4h
2026-06-19 15:37:00  INFO      [BTC/USDT] Discord alert sent successfully.
2026-06-19 15:37:01  INFO      [ETH/USDT] NEW LONG signal  |  close=1734.72  SL=1670.45  TP=1863.25  RSI=46.9  strength=4/6  candle=2026-06-17 16:00:00+00:00
2026-06-19 15:37:01  INFO      Discord alert sent: ETH/USDT 4h
2026-06-19 15:37:01  INFO      [ETH/USDT] Discord alert sent successfully.
2026-06-19 15:37:01  INFO      Next check in 300 seconds. Press Ctrl+C to stop.

2026-06-19 15:43:06  INFO      ============================================================
2026-06-19 15:43:06  INFO        SMC + FVG + EMA + RSI  —  Real-time Monitor
2026-06-19 15:43:06  INFO        Symbols   : BTC/USDT  |  ETH/USDT
2026-06-19 15:43:06  INFO        Timeframe : 4H
2026-06-19 15:43:06  INFO        Interval  : 300s  (~5 min)
2026-06-19 15:43:06  INFO      ============================================================
2026-06-19 15:43:06  INFO      ── Polling at 2026-06-19 07:43 UTC ──
2026-06-19 15:43:07  INFO      [BTC/USDT] NEW LONG signal  |  close=64509.40  SL=62761.52  TP=68005.16  RSI=44.8  strength=4/6  candle=2026-06-17 20:00:00+00:00
2026-06-19 15:43:08  INFO      Discord alert sent: BTC/USDT 4h
2026-06-19 15:43:08  INFO      [BTC/USDT] Discord alert sent successfully.
2026-06-19 15:43:08  INFO      [BTC/USDT] Trade registered in journal  id=9bacc897
2026-06-19 15:43:09  INFO      [ETH/USDT] NEW LONG signal  |  close=1734.72  SL=1670.45  TP=1863.25  RSI=46.9  strength=4/6  candle=2026-06-17 16:00:00+00:00
2026-06-19 15:43:09  INFO      Discord alert sent: ETH/USDT 4h
2026-06-19 15:43:09  INFO      [ETH/USDT] Discord alert sent successfully.
2026-06-19 15:43:09  INFO      [ETH/USDT] Trade registered in journal  id=58ce9e33
2026-06-19 15:43:09  INFO      Next check in 300 seconds. Press Ctrl+C to stop.

2026-06-19 15:44:47  INFO      Monitor stopped by user.
